<?xml version="1.0" encoding="UTF-8"?>
<!-- Generated by org.testng.reporters.JUnitReportReporter -->
<testsuite hostname="EC2AMAZ-S11DBRH" failures="0" tests="3" name="runners.UserLoginRunner" time="25.186" errors="0" timestamp="2023-12-18T05:40:03 GMT" skipped="0">
  <testcase classname="runners.UserLoginRunner" name="runScenario" time="6.662"/>
  <system-out/>
  <testcase classname="runners.UserLoginRunner" name="runScenario" time="8.350"/>
  <system-out/>
  <testcase classname="runners.UserLoginRunner" name="runScenario" time="10.174"/>
  <system-out/>
</testsuite> <!-- runners.UserLoginRunner -->
