<?xml version="1.0" encoding="UTF-8"?>
<!-- Generated by org.testng.reporters.JUnitReportReporter -->
<testsuite hostname="EC2AMAZ-S11DBRH" failures="0" tests="2" name="runners.CRMRunner" time="0.168" errors="0" timestamp="2023-12-18T08:08:56 GMT" skipped="0">
  <testcase classname="runners.CRMRunner" name="runScenario" time="0.141"/>
  <system-out/>
  <testcase classname="runners.CRMRunner" name="runScenario" time="0.027"/>
  <system-out/>
</testsuite> <!-- runners.CRMRunner -->
